Using pre-set license
Built from '2020.3/staging' branch; Version is '2020.3.0f1 (c7b5465681fb) revision 13088070'; Using compiler version '192528614'; Build Type 'Release'
OS: 'Windows 10 Pro; OS build 18363.387; Version 1909; 64bit' Language: 'ru' Physical Memory: 32692 MB
BatchMode: 1, IsHumanControllingUs: 0, StartBugReporterOnCrash: 0, Is64bit: 1, IsPro: 0

 COMMAND LINE ARGUMENTS:
C:\Program Files\Unity\Hub\Editor\2020.3.0f1\Editor\Unity.exe
-adb2
-batchMode
-noUpm
-name
AssetImportWorker0
-projectPath
R:/MY/3D/PROJECTS/Batya_jam/GameJam_01_Bling
-logFile
Logs/AssetImportWorker0.log
-srvPort
50992
Successfully changed project path to: R:/MY/3D/PROJECTS/Batya_jam/GameJam_01_Bling
R:/MY/3D/PROJECTS/Batya_jam/GameJam_01_Bling
Using Asset Import Pipeline V2.
Refreshing native plugins compatible for Editor in 58.97 ms, found 0 plugins.
Preloading 0 native plugins for Editor in 0.00 ms.
Initialize engine version: 2020.3.0f1 (c7b5465681fb)
[Subsystems] Discovering subsystems at path C:/Program Files/Unity/Hub/Editor/2020.3.0f1/Editor/Data/Resources/UnitySubsystems
[Subsystems] Discovering subsystems at path R:/MY/3D/PROJECTS/Batya_jam/GameJam_01_Bling/Assets
GfxDevice: creating device client; threaded=0
Direct3D:
    Version:  Direct3D 11.0 [level 11.1]
    Renderer: NVIDIA GeForce RTX 2060 SUPER (ID=0x1f06)
    Vendor:   
    VRAM:     8031 MB
    Driver:   27.21.14.6140
Shader 'Universal Render Pipeline/Particles/Lit': fallback shader 'Universal Render Pipeline/Particles/SimpleLit' not found
Initialize mono
Mono path[0] = 'C:/Program Files/Unity/Hub/Editor/2020.3.0f1/Editor/Data/Managed'
Mono path[1] = 'C:/Program Files/Unity/Hub/Editor/2020.3.0f1/Editor/Data/MonoBleedingEdge/lib/mono/unityjit'
Mono config path = 'C:/Program Files/Unity/Hub/Editor/2020.3.0f1/Editor/Data/MonoBleedingEdge/etc'
Using monoOptions --debugger-agent=transport=dt_socket,embedding=1,server=y,suspend=n,address=127.0.0.1:56180
Begin MonoManager ReloadAssembly
Registering precompiled unity dll's ...
Register platform support module: C:/Program Files/Unity/Hub/Editor/2020.3.0f1/Editor/Data/PlaybackEngines/WebGLSupport/UnityEditor.WebGL.Extensions.dll
Register platform support module: C:/Program Files/Unity/Hub/Editor/2020.3.0f1/Editor/Data/PlaybackEngines/WindowsStandaloneSupport/UnityEditor.WindowsStandalone.Extensions.dll
Registered in 0.000970 seconds.
Native extension for WindowsStandalone target not found
Native extension for WebGL target not found
Refreshing native plugins compatible for Editor in 62.46 ms, found 0 plugins.
Preloading 0 native plugins for Editor in 0.00 ms.
Invoked RoslynAnalysisRunner static constructor.
RoslynAnalysisRunner will not be running.
RoslynAnalysisRunner has terminated.
Mono: successfully reloaded assembly
- Completed reload, in  0.888 seconds
Platform modules already initialized, skipping
Registering precompiled user dll's ...
Registered in 0.001465 seconds.
Begin MonoManager ReloadAssembly
Native extension for WindowsStandalone target not found
Native extension for WebGL target not found
Refreshing native plugins compatible for Editor in 64.77 ms, found 0 plugins.
Preloading 0 native plugins for Editor in 0.00 ms.
Invoked RoslynAnalysisRunner static constructor.
RoslynAnalysisRunner will not be running.
RoslynAnalysisRunner has terminated.
Mono: successfully reloaded assembly
- Completed reload, in  1.550 seconds
Platform modules already initialized, skipping
========================================================================
Worker process is ready to serve import requests
Shader 'Universal Render Pipeline/Particles/Lit': fallback shader 'Universal Render Pipeline/Particles/SimpleLit' not found
Launched and connected shader compiler UnityShaderCompiler.exe after 0.04 seconds
Refreshing native plugins compatible for Editor in 0.91 ms, found 0 plugins.
Preloading 0 native plugins for Editor in 0.00 ms.
Unloading 4128 Unused Serialized files (Serialized files now loaded: 0)
System memory in use before: 174.1 MB.
System memory in use after: 174.3 MB.

Unloading 155 unused Assets to reduce memory usage. Loaded Objects now: 4561.
Total: 3.211200 ms (FindLiveObjects: 0.448900 ms CreateObjectMapping: 0.106100 ms MarkObjects: 2.474000 ms  DeleteObjects: 0.181100 ms)

========================================================================
Received Import Request.
  path: Assets/Characters/Bob@run3.fbx
  artifactKey: Guid(8219883b15ad10646a505c81dd5a6730) Importer(815301076,1909f56bfc062723c751e8b465ee728b)
Start importing Assets/Characters/Bob@run3.fbx using Guid(8219883b15ad10646a505c81dd5a6730) Importer(815301076,1909f56bfc062723c751e8b465ee728b)  -> (artifact id: 'bee6b55a85c66f19962999cd6bb48f0f') in 0.226835 seconds
  Import took 0.234374 seconds .

========================================================================
Received Import Request.
  Time since last request: 0.000573 seconds.
  path: Assets/Characters/Bob@run3.fbx
  artifactKey: Guid(8219883b15ad10646a505c81dd5a6730) Importer(815301076,1909f56bfc062723c751e8b465ee728b)
Start importing Assets/Characters/Bob@run3.fbx using Guid(8219883b15ad10646a505c81dd5a6730) Importer(815301076,1909f56bfc062723c751e8b465ee728b)  -> (artifact id: 'bee6b55a85c66f19962999cd6bb48f0f') in 0.025381 seconds
  Import took 0.031400 seconds .

